<?xml version="1.0" encoding="UTF-8"?>
<!-- Generated by org.testng.reporters.JUnitReportReporter -->
<testsuite skipped="0" hostname="P2B-6C59NK2" name="com.accenture.test.LoginTest" tests="1" failures="0" timestamp="09 Sep 2018 06:00:22 GMT" time="7.753" errors="0">
  <testcase name="testLogin" time="7.753" classname="com.accenture.test.LoginTest"/>
</testsuite> <!-- com.accenture.test.LoginTest -->
